<?xml version="1.0" encoding="UTF-8"?>
<testng-results ignored="0" total="2" passed="2" failed="0" skipped="0">
  <reporter-output>
  </reporter-output>
  <suite started-at="2024-03-02T17:00:52 IST" name="Default suite" finished-at="2024-03-02T17:01:20 IST" duration-ms="27576">
    <groups>
    </groups>
    <test started-at="2024-03-02T17:00:52 IST" name="Default test" finished-at="2024-03-02T17:01:20 IST" duration-ms="27576">
      <class name="TestClasses.BillingTest">
        <test-method is-config="true" signature="setUp()[pri:0, instance:TestClasses.BillingTest@4be29ed9]" started-at="2024-03-02T17:00:52 IST" name="setUp" finished-at="2024-03-02T17:00:59 IST" duration-ms="6797" status="PASS">
          <reporter-output>
          </reporter-output>
        </test-method> <!-- setUp -->
        <test-method signature="navDocButtonTest()[pri:1, instance:TestClasses.BillingTest@4be29ed9]" started-at="2024-03-02T17:00:59 IST" name="navDocButtonTest" finished-at="2024-03-02T17:01:18 IST" duration-ms="19064" status="PASS">
          <reporter-output>
          </reporter-output>
        </test-method> <!-- navDocButtonTest -->
        <test-method signature="searchAppTest()[pri:2, instance:TestClasses.BillingTest@4be29ed9]" started-at="2024-03-02T17:01:18 IST" name="searchAppTest" finished-at="2024-03-02T17:01:20 IST" duration-ms="1677" status="PASS">
          <reporter-output>
          </reporter-output>
        </test-method> <!-- searchAppTest -->
      </class> <!-- TestClasses.BillingTest -->
    </test> <!-- Default test -->
  </suite> <!-- Default suite -->
</testng-results>
